# JRE version: Java(TM) SE Runtime Environment (8.0_60-b27) (build 1.8.0_60-b27)
# Java VM: Java HotSpot(TM) 64-Bit Server VM (25.60-b23 mixed mode windows-amd64 compressed oops)
Heap:
 PSYoungGen      total 289280K, used 28646K [0x00000000d5d00000, 0x00000000ed780000, 0x0000000100000000)
  eden space 273408K, 5% used [0x00000000d5d00000,0x00000000d6aa6e18,0x00000000e6800000)
  from space 15872K, 92% used [0x00000000e6800000,0x00000000e7652d60,0x00000000e7780000)
  to   space 17408K, 0% used [0x00000000ec680000,0x00000000ec680000,0x00000000ed780000)
 ParOldGen       total 105984K, used 27510K [0x0000000081600000, 0x0000000087d80000, 0x00000000d5d00000)
  object space 105984K, 25% used [0x0000000081600000,0x00000000830dda00,0x0000000087d80000)
 Metaspace       used 40427K, capacity 41062K, committed 41216K, reserved 1085440K
  class space    used 5430K, capacity 5591K, committed 5632K, reserved 1048576K
GC Heap History (10 events):
Event: 5.456 GC heap before
{Heap before GC invocations=9 (full 1):
 PSYoungGen      total 141824K, used 137135K [0x00000000d5d00000, 0x00000000e3b00000, 0x0000000100000000)
  eden space 133120K, 100% used [0x00000000d5d00000,0x00000000ddf00000,0x00000000ddf00000)
  from space 8704K, 46% used [0x00000000ddf00000,0x00000000de2ebd68,0x00000000de780000)
  to   space 8704K, 0% used [0x00000000e3280000,0x00000000e3280000,0x00000000e3b00000)
 ParOldGen       total 57344K, used 7310K [0x0000000081600000, 0x0000000084e00000, 0x00000000d5d00000)
  object space 57344K, 12% used [0x0000000081600000,0x0000000081d23a78,0x0000000084e00000)
 Metaspace       used 25352K, capacity 25824K, committed 25984K, reserved 1071104K
  class space    used 3288K, capacity 3396K, committed 3456K, reserved 1048576K
Event: 5.470 GC heap after
Heap after GC invocations=9 (full 1):
 PSYoungGen      total 215040K, used 8626K [0x00000000d5d00000, 0x00000000e3b00000, 0x0000000100000000)
  eden space 206336K, 0% used [0x00000000d5d00000,0x00000000d5d00000,0x00000000e2680000)
  from space 8704K, 99% used [0x00000000e3280000,0x00000000e3aec868,0x00000000e3b00000)
  to   space 9728K, 0% used [0x00000000e2800000,0x00000000e2800000,0x00000000e3180000)
 ParOldGen       total 57344K, used 7318K [0x0000000081600000, 0x0000000084e00000, 0x00000000d5d00000)
  object space 57344K, 12% used [0x0000000081600000,0x0000000081d25a78,0x0000000084e00000)
 Metaspace       used 25352K, capacity 25824K, committed 25984K, reserved 1071104K
  class space    used 3288K, capacity 3396K, committed 3456K, reserved 1048576K
}
Event: 7.352 GC heap before
{Heap before GC invocations=10 (full 1):
 PSYoungGen      total 215040K, used 214962K [0x00000000d5d00000, 0x00000000e3b00000, 0x0000000100000000)
  eden space 206336K, 100% used [0x00000000d5d00000,0x00000000e2680000,0x00000000e2680000)
  from space 8704K, 99% used [0x00000000e3280000,0x00000000e3aec868,0x00000000e3b00000)
  to   space 9728K, 0% used [0x00000000e2800000,0x00000000e2800000,0x00000000e3180000)
 ParOldGen       total 57344K, used 7318K [0x0000000081600000, 0x0000000084e00000, 0x00000000d5d00000)
  object space 57344K, 12% used [0x0000000081600000,0x0000000081d25a78,0x0000000084e00000)
 Metaspace       used 31800K, capacity 32132K, committed 32256K, reserved 1077248K
  class space    used 4170K, capacity 4273K, committed 4352K, reserved 1048576K
Event: 7.384 GC heap after
Heap after GC invocations=10 (full 1):
 PSYoungGen      total 217600K, used 9716K [0x00000000d5d00000, 0x00000000e8780000, 0x0000000100000000)
  eden space 207872K, 0% used [0x00000000d5d00000,0x00000000d5d00000,0x00000000e2800000)
  from space 9728K, 99% used [0x00000000e2800000,0x00000000e317d0f0,0x00000000e3180000)
  to   space 16384K, 0% used [0x00000000e7780000,0x00000000e7780000,0x00000000e8780000)
 ParOldGen       total 57344K, used 21067K [0x0000000081600000, 0x0000000084e00000, 0x00000000d5d00000)
  object space 57344K, 36% used [0x0000000081600000,0x0000000082a92c18,0x0000000084e00000)
 Metaspace       used 31800K, capacity 32132K, committed 32256K, reserved 1077248K
  class space    used 4170K, capacity 4273K, committed 4352K, reserved 1048576K
}
Event: 7.994 GC heap before
{Heap before GC invocations=11 (full 1):
 PSYoungGen      total 217600K, used 95387K [0x00000000d5d00000, 0x00000000e8780000, 0x0000000100000000)
  eden space 207872K, 41% used [0x00000000d5d00000,0x00000000db0a9ca8,0x00000000e2800000)
  from space 9728K, 99% used [0x00000000e2800000,0x00000000e317d0f0,0x00000000e3180000)
  to   space 16384K, 0% used [0x00000000e7780000,0x00000000e7780000,0x00000000e8780000)
 ParOldGen       total 57344K, used 21067K [0x0000000081600000, 0x0000000084e00000, 0x00000000d5d00000)
  object space 57344K, 36% used [0x0000000081600000,0x0000000082a92c18,0x0000000084e00000)
 Metaspace       used 34908K, capacity 35302K, committed 35416K, reserved 1079296K
  class space    used 4687K, capacity 4812K, committed 4864K, reserved 1048576K
Event: 8.014 GC heap after
Heap after GC invocations=11 (full 1):
 PSYoungGen      total 289792K, used 9208K [0x00000000d5d00000, 0x00000000e8d00000, 0x0000000100000000)
  eden space 273408K, 0% used [0x00000000d5d00000,0x00000000d5d00000,0x00000000e6800000)
  from space 16384K, 56% used [0x00000000e7780000,0x00000000e807e338,0x00000000e8780000)
  to   space 15872K, 0% used [0x00000000e6800000,0x00000000e6800000,0x00000000e7780000)
 ParOldGen       total 57344K, used 26066K [0x0000000081600000, 0x0000000084e00000, 0x00000000d5d00000)
  object space 57344K, 45% used [0x0000000081600000,0x0000000082f74948,0x0000000084e00000)
 Metaspace       used 34908K, capacity 35302K, committed 35416K, reserved 1079296K
  class space    used 4687K, capacity 4812K, committed 4864K, reserved 1048576K
}
Event: 8.014 GC heap before
{Heap before GC invocations=12 (full 2):
 PSYoungGen      total 289792K, used 9208K [0x00000000d5d00000, 0x00000000e8d00000, 0x0000000100000000)
  eden space 273408K, 0% used [0x00000000d5d00000,0x00000000d5d00000,0x00000000e6800000)
  from space 16384K, 56% used [0x00000000e7780000,0x00000000e807e338,0x00000000e8780000)
  to   space 15872K, 0% used [0x00000000e6800000,0x00000000e6800000,0x00000000e7780000)
 ParOldGen       total 57344K, used 26066K [0x0000000081600000, 0x0000000084e00000, 0x00000000d5d00000)
  object space 57344K, 45% used [0x0000000081600000,0x0000000082f74948,0x0000000084e00000)
 Metaspace       used 34908K, capacity 35302K, committed 35416K, reserved 1079296K
  class space    used 4687K, capacity 4812K, committed 4864K, reserved 1048576K
Event: 8.134 GC heap after
Heap after GC invocations=12 (full 2):
 PSYoungGen      total 289792K, used 0K [0x00000000d5d00000, 0x00000000e8d00000, 0x0000000100000000)
  eden space 273408K, 0% used [0x00000000d5d00000,0x00000000d5d00000,0x00000000e6800000)
  from space 16384K, 0% used [0x00000000e7780000,0x00000000e7780000,0x00000000e8780000)
  to   space 15872K, 0% used [0x00000000e6800000,0x00000000e6800000,0x00000000e7780000)
 ParOldGen       total 105984K, used 27502K [0x0000000081600000, 0x0000000087d80000, 0x00000000d5d00000)
  object space 105984K, 25% used [0x0000000081600000,0x00000000830dba00,0x0000000087d80000)
 Metaspace       used 34908K, capacity 35302K, committed 35416K, reserved 1079296K
  class space    used 4687K, capacity 4812K, committed 4864K, reserved 1048576K
}
Event: 9.673 GC heap before
{Heap before GC invocations=13 (full 2):
 PSYoungGen      total 289792K, used 273408K [0x00000000d5d00000, 0x00000000e8d00000, 0x0000000100000000)
  eden space 273408K, 100% used [0x00000000d5d00000,0x00000000e6800000,0x00000000e6800000)
  from space 16384K, 0% used [0x00000000e7780000,0x00000000e7780000,0x00000000e8780000)
  to   space 15872K, 0% used [0x00000000e6800000,0x00000000e6800000,0x00000000e7780000)
 ParOldGen       total 105984K, used 27502K [0x0000000081600000, 0x0000000087d80000, 0x00000000d5d00000)
  object space 105984K, 25% used [0x0000000081600000,0x00000000830dba00,0x0000000087d80000)
 Metaspace       used 40427K, capacity 41062K, committed 41216K, reserved 1085440K
  class space    used 5430K, capacity 5591K, committed 5632K, reserved 1048576K
Event: 9.693 GC heap after
Heap after GC invocations=13 (full 2):
 PSYoungGen      total 289280K, used 14667K [0x00000000d5d00000, 0x00000000ed780000, 0x0000000100000000)
  eden space 273408K, 0% used [0x00000000d5d00000,0x00000000d5d00000,0x00000000e6800000)
  from space 15872K, 92% used [0x00000000e6800000,0x00000000e7652d60,0x00000000e7780000)
  to   space 17408K, 0% used [0x00000000ec680000,0x00000000ec680000,0x00000000ed780000)
 ParOldGen       total 105984K, used 27510K [0x0000000081600000, 0x0000000087d80000, 0x00000000d5d00000)
  object space 105984K, 25% used [0x0000000081600000,0x00000000830dda00,0x0000000087d80000)
 Metaspace       used 40427K, capacity 41062K, committed 41216K, reserved 1085440K
  class space    used 5430K, capacity 5591K, committed 5632K, reserved 1048576K
}

